[ok] batch 1: 15 rows in 30.4s
[ok] batch 2: 15 rows in 26.3s
[ok] batch 3: 15 rows in 30.0s
[ok] batch 4: 15 rows in 37.0s
[ok] batch 5: 15 rows in 31.0s
[ok] batch 6: 15 rows in 28.9s
[ok] batch 7: 15 rows in 24.1s
[ok] batch 8: 15 rows in 33.6s
[ok] batch 9: 15 rows in 32.8s
[ok] batch 10: 15 rows in 28.9s
[ok] batch 11: 15 rows in 32.6s
[ok] batch 12: 15 rows in 31.0s
[ok] batch 13: 15 rows in 34.8s
[ok] batch 14: 15 rows in 30.3s
[ok] batch 15: 15 rows in 28.8s
[ok] batch 16: 15 rows in 23.6s
[ok] batch 17: 15 rows in 25.2s
[ok] batch 18: 15 rows in 24.5s
[ok] batch 19: 15 rows in 26.3s
[ok] batch 20: 15 rows in 25.1s
[ok] batch 21: 15 rows in 29.1s
[ok] batch 22: 15 rows in 25.9s
[ok] batch 23: 15 rows in 24.0s
[ok] batch 24: 15 rows in 19.2s
[ok] batch 25: 15 rows in 14.4s
[ok] batch 26: 15 rows in 24.2s
[ok] batch 27: 15 rows in 20.5s
[ok] batch 28: 15 rows in 22.4s
[ok] batch 29: 15 rows in 24.3s
[ok] batch 30: 15 rows in 21.7s
[ok] batch 31: 15 rows in 22.3s
[ok] batch 32: 15 rows in 21.1s
[ok] batch 33: 15 rows in 20.6s
[ok] batch 34: 15 rows in 20.4s
[ok] batch 35: 15 rows in 18.0s
[ok] batch 36: 15 rows in 20.1s
[ok] batch 37: 15 rows in 50.2s
[ok] batch 38: 15 rows in 19.4s
[ok] batch 39: 15 rows in 19.8s
[ok] batch 40: 15 rows in 18.4s
[ok] batch 41: 15 rows in 20.3s
[ok] batch 42: 15 rows in 21.0s
[ok] batch 43: 15 rows in 17.3s
[ok] batch 44: 15 rows in 19.2s
[ok] batch 45: 15 rows in 21.3s
[ok] batch 46: 15 rows in 19.3s
[ok] batch 47: 15 rows in 18.2s
[ok] batch 48: 15 rows in 22.4s
[ok] batch 49: 15 rows in 20.1s
[ok] batch 50: 15 rows in 22.0s
[ok] batch 51: 15 rows in 23.5s
[ok] batch 52: 15 rows in 33.2s
[ok] batch 53: 15 rows in 19.9s
[ok] batch 54: 15 rows in 23.7s
[ok] batch 55: 15 rows in 23.0s
[ok] batch 56: 15 rows in 20.2s
[ok] batch 57: 15 rows in 23.1s
[ok] batch 58: 15 rows in 21.2s
[ok] batch 59: 15 rows in 20.9s
[ok] batch 60: 15 rows in 23.6s
[ok] batch 61: 15 rows in 23.9s
[ok] batch 62: 15 rows in 20.2s
[ok] batch 63: 15 rows in 21.3s
[ok] batch 64: 15 rows in 24.1s
[ok] batch 65: 15 rows in 21.7s
[ok] batch 66: 15 rows in 21.4s
[ok] batch 67: 15 rows in 16.8s
[ok] batch 68: 15 rows in 13.8s
[ok] batch 69: 15 rows in 22.5s
[ok] batch 70: 15 rows in 24.5s
[ok] batch 71: 15 rows in 22.5s
[ok] batch 72: 15 rows in 30.7s
[ok] batch 73: 15 rows in 23.9s
[ok] batch 74: 15 rows in 26.5s
[ok] batch 75: 15 rows in 25.5s
[ok] batch 76: 15 rows in 30.8s
[ok] batch 77: 15 rows in 31.7s
[ok] batch 78: 15 rows in 30.2s
[ok] batch 79: 15 rows in 24.1s
[ok] batch 80: 15 rows in 29.4s
[ok] batch 81: 15 rows in 38.3s
[ok] batch 82: 15 rows in 23.5s
[ok] batch 83: 15 rows in 29.8s
[ok] batch 84: 15 rows in 25.9s
[ok] batch 85: 15 rows in 24.8s
[ok] batch 86: 15 rows in 21.3s
[ok] batch 87: 15 rows in 23.2s
[ok] batch 88: 15 rows in 23.8s
[ok] batch 89: 15 rows in 29.2s
[ok] batch 90: 15 rows in 18.9s
[ok] batch 91: 15 rows in 28.9s
[ok] batch 92: 15 rows in 69.5s
[ok] batch 93: 15 rows in 26.2s
[ok] batch 94: 15 rows in 22.4s
[ok] batch 95: 15 rows in 24.2s
[ok] batch 96: 15 rows in 24.2s
[ok] batch 97: 15 rows in 26.9s
[ok] batch 98: 15 rows in 27.2s
[ok] batch 99: 15 rows in 25.7s
[ok] batch 100: 15 rows in 28.2s
[ok] batch 101: 15 rows in 27.8s
[ok] batch 102: 15 rows in 23.4s
[ok] batch 103: 15 rows in 28.3s
[ok] batch 104: 15 rows in 27.1s
[ok] batch 105: 15 rows in 27.9s
[ok] batch 106: 15 rows in 25.9s
[ok] batch 107: 15 rows in 31.3s
[ok] batch 108: 15 rows in 29.1s
[ok] batch 109: 15 rows in 34.4s
[ok] batch 110: 15 rows in 32.6s
[ok] batch 111: 15 rows in 30.2s
[ok] batch 112: 15 rows in 31.1s
[ok] batch 113: 15 rows in 28.3s
[ok] batch 114: 15 rows in 31.2s
[ok] batch 115: 15 rows in 33.8s
[ok] batch 116: 15 rows in 18.8s
[ok] batch 117: 15 rows in 29.8s
[ok] batch 118: 15 rows in 27.6s
[ok] batch 119: 15 rows in 35.4s
[ok] batch 120: 15 rows in 26.7s
[ok] batch 121: 15 rows in 29.2s
[ok] batch 122: 15 rows in 30.2s
[ok] batch 123: 15 rows in 25.2s
[ok] batch 124: 15 rows in 27.5s
[ok] batch 125: 15 rows in 19.9s
[ok] batch 126: 15 rows in 30.3s
[ok] batch 127: 15 rows in 26.6s
[ok] batch 128: 15 rows in 26.9s
[ok] batch 129: 15 rows in 23.7s
[ok] batch 130: 15 rows in 26.8s
[ok] batch 131: 15 rows in 26.4s
[ok] batch 132: 15 rows in 30.7s
[ok] batch 133: 15 rows in 26.8s
[ok] batch 134: 15 rows in 31.3s
[ok] batch 135: 15 rows in 25.1s
[ok] batch 136: 15 rows in 22.6s
[ok] batch 137: 15 rows in 27.0s
[ok] batch 138: 15 rows in 26.3s
[ok] batch 139: 15 rows in 27.7s
[ok] batch 140: 15 rows in 23.2s
[ok] batch 141: 15 rows in 29.6s
[ok] batch 142: 15 rows in 30.2s
[ok] batch 143: 15 rows in 25.5s
[ok] batch 144: 15 rows in 25.0s
[ok] batch 145: 15 rows in 22.5s
[ok] batch 146: 15 rows in 22.7s
[ok] batch 147: 15 rows in 24.4s
[ok] batch 148: 15 rows in 22.0s
[ok] batch 149: 15 rows in 22.0s
[ok] batch 150: 15 rows in 20.1s
[ok] batch 151: 15 rows in 19.3s
[ok] batch 152: 15 rows in 17.5s
[ok] batch 153: 15 rows in 18.2s
[ok] batch 154: 15 rows in 19.3s
[ok] batch 155: 15 rows in 19.4s
[ok] batch 156: 15 rows in 27.9s
[ok] batch 157: 15 rows in 19.8s
[ok] batch 158: 15 rows in 22.7s
[ok] batch 159: 15 rows in 74.6s
[ok] batch 160: 15 rows in 26.0s
[ok] batch 161: 15 rows in 27.1s
[ok] batch 162: 15 rows in 28.5s
[ok] batch 163: 15 rows in 26.8s
[ok] batch 164: 15 rows in 27.2s
[ok] batch 165: 15 rows in 27.3s
[ok] batch 166: 15 rows in 23.9s
[ok] batch 167: 15 rows in 25.2s
[ok] batch 168: 15 rows in 22.9s
[ok] batch 169: 15 rows in 23.8s
[ok] batch 170: 15 rows in 26.1s
[ok] batch 171: 15 rows in 25.1s
[ok] batch 172: 15 rows in 25.3s
[ok] batch 173: 15 rows in 26.3s
[ok] batch 174: 15 rows in 12775.9s
[ok] batch 175: 15 rows in 24.8s
[ok] batch 176: 15 rows in 31.1s
[ok] batch 177: 15 rows in 4716.9s
[ok] batch 178: 15 rows in 12806.3s
[ok] batch 179: 15 rows in 26.1s
[ok] batch 180: 15 rows in 23.1s
[ok] batch 181: 15 rows in 27.7s
[ok] batch 182: 15 rows in 23.2s
[ok] batch 183: 15 rows in 19.5s
[ok] batch 184: 15 rows in 21.1s
[ok] batch 185: 15 rows in 22.6s
[ok] batch 186: 15 rows in 22.3s
[ok] batch 187: 15 rows in 22.4s
[ok] batch 188: 15 rows in 27.8s
[ok] batch 189: 15 rows in 26.3s
[ok] batch 190: 15 rows in 31.0s
[ok] batch 191: 15 rows in 30.6s
[ok] batch 192: 15 rows in 23.5s
[ok] batch 193: 15 rows in 26.1s
[ok] batch 194: 15 rows in 25.8s
[warn] batch 195 failed (attempt 1): Connection error. — retry in 0.6s
[warn] batch 195 failed (attempt 2): Connection error. — retry in 1.0s
[warn] batch 195 failed (attempt 3): Connection error. — retry in 1.2s
[warn] batch 195 failed (attempt 4): Connection error. — retry in 1.7s
[warn] batch 195 failed (attempt 5): Connection error. — retry in 2.1s
[ok] batch 195: 15 rows in 2915.3s
[ok] batch 196: 15 rows in 28.9s
[ok] batch 197: 15 rows in 28.4s
[ok] batch 198: 15 rows in 25.4s
[ok] batch 199: 15 rows in 25.4s
[ok] batch 200: 15 rows in 25.9s
[ok] batch 201: 15 rows in 30.4s
[ok] batch 202: 15 rows in 33.6s
[ok] batch 203: 15 rows in 27.3s
[ok] batch 204: 15 rows in 28.8s
[ok] batch 205: 15 rows in 27.1s
[warn] batch 206 failed (attempt 1): Connection error. — retry in 0.6s
[warn] batch 206 failed (attempt 2): Connection error. — retry in 0.8s
[warn] batch 206 failed (attempt 3): Connection error. — retry in 1.4s
[warn] batch 206 failed (attempt 4): Connection error. — retry in 1.8s
[warn] batch 206 failed (attempt 5): Connection error. — retry in 2.3s
[warn] batch 207 failed (attempt 1): Connection error. — retry in 0.5s
[warn] batch 207 failed (attempt 2): Connection error. — retry in 0.8s
[ok] batch 207: 15 rows in 46.9s
[ok] batch 208: 15 rows in 26.0s
[ok] batch 209: 15 rows in 23.5s

[info] interrupted — writing partial files...
[info] Partial: data_1_1_partial.csv
[info] Partial: data_1_0_changes_partial.csv
